<?xml version="1.0" encoding="UTF-8"?>
<testng-results skipped="0" failed="1" ignored="0" total="116" passed="115">
  <reporter-output>
  </reporter-output>
  <suite name="Proof of concept of TestNG" duration-ms="76591" started-at="2019-06-25T17:56:30 BST" finished-at="2019-06-25T17:57:46 BST">
    <groups>
      <group name="Link Test">
        <method signature="GoogleTest.mailLinkTest()[pri:2, instance:testng.GoogleTest@3a079870]" name="mailLinkTest" class="testng.GoogleTest"/>
      </group> <!-- Link Test -->
      <group name="Test">
        <method signature="GoogleTest.test1()[pri:4, instance:testng.GoogleTest@3a079870]" name="test1" class="testng.GoogleTest"/>
        <method signature="GoogleTest.test2()[pri:5, instance:testng.GoogleTest@3a079870]" name="test2" class="testng.GoogleTest"/>
        <method signature="GoogleTest.test3()[pri:6, instance:testng.GoogleTest@3a079870]" name="test3" class="testng.GoogleTest"/>
      </group> <!-- Test -->
      <group name="Title">
        <method signature="GoogleTest.googleTitleTest()[pri:1, instance:testng.GoogleTest@3a079870]" name="googleTitleTest" class="testng.GoogleTest"/>
        <method signature="GoogleTitleTest.googleLogoTest()[pri:2, instance:testng.GoogleTitleTest@5db45159]" name="googleLogoTest" class="testng.GoogleTitleTest"/>
      </group> <!-- Title -->
      <group name="Title 11">
        <method signature="GoogleTitleTest.googleTitleTest()[pri:11, instance:testng.GoogleTitleTest@5db45159]" name="googleTitleTest" class="testng.GoogleTitleTest"/>
      </group> <!-- Title 11 -->
      <group name="Logo">
        <method signature="GoogleTest.googleLogoTest()[pri:3, instance:testng.GoogleTest@3a079870]" name="googleLogoTest" class="testng.GoogleTest"/>
      </group> <!-- Logo -->
    </groups>
    <test name="Test1" duration-ms="8" started-at="2019-06-25T17:56:30 BST" finished-at="2019-06-25T17:56:30 BST">
    </test> <!-- Test1 -->
    <test name="TestingGoogle2" duration-ms="64851" started-at="2019-06-25T17:56:30 BST" finished-at="2019-06-25T17:57:35 BST">
      <class name="testng.GoogleTest">
        <test-method status="PASS" signature="setUp()[pri:0, instance:testng.GoogleTest@3a079870]" name="setUp" is-config="true" duration-ms="5625" started-at="2019-06-25T17:56:30 BST" finished-at="2019-06-25T17:56:35 BST">
          <reporter-output>
          </reporter-output>
        </test-method> <!-- setUp -->
        <test-method status="PASS" signature="googleTitleTest()[pri:1, instance:testng.GoogleTest@3a079870]" name="googleTitleTest" duration-ms="12" started-at="2019-06-25T17:56:35 BST" finished-at="2019-06-25T17:56:35 BST">
          <reporter-output>
          </reporter-output>
        </test-method> <!-- googleTitleTest -->
        <test-method status="PASS" signature="tearDown()[pri:0, instance:testng.GoogleTest@3a079870]" name="tearDown" is-config="true" duration-ms="714" started-at="2019-06-25T17:56:35 BST" finished-at="2019-06-25T17:56:36 BST">
          <reporter-output>
          </reporter-output>
        </test-method> <!-- tearDown -->
        <test-method status="PASS" signature="setUp()[pri:0, instance:testng.GoogleTest@3a079870]" name="setUp" is-config="true" duration-ms="4625" started-at="2019-06-25T17:56:36 BST" finished-at="2019-06-25T17:56:41 BST">
          <reporter-output>
          </reporter-output>
        </test-method> <!-- setUp -->
        <test-method status="FAIL" signature="mailLinkTest()[pri:2, instance:testng.GoogleTest@3a079870]" name="mailLinkTest" duration-ms="30037" started-at="2019-06-25T17:56:41 BST" finished-at="2019-06-25T17:57:11 BST">
          <exception class="org.openqa.selenium.NoSuchElementException">
            <message>
              <![CDATA[no such element: Unable to locate element: {"method":"link text","selector":"Mail"}
  (Session info: chrome=75.0.3770.100)
For documentation on this error, please visit: https://www.seleniumhq.org/exceptions/no_such_element.html
Build info: version: '3.141.59', revision: 'e82be7d358', time: '2018-11-14T08:25:48'
System info: host: 'DESKTOP-1UNN7PP', ip: '192.168.86.3', os.name: 'Windows 10', os.arch: 'amd64', os.version: '10.0', java.version: '1.8.0_192'
Driver info: org.openqa.selenium.chrome.ChromeDriver
Capabilities {acceptInsecureCerts: false, browserName: chrome, browserVersion: 75.0.3770.100, chrome: {chromedriverVersion: 75.0.3770.8 (681f24ea911fe7..., userDataDir: C:\Users\Kieran\AppData\Loc...}, goog:chromeOptions: {debuggerAddress: localhost:55162}, javascriptEnabled: true, networkConnectionEnabled: false, pageLoadStrategy: normal, platform: XP, platformName: XP, proxy: Proxy(), setWindowRect: true, strictFileInteractability: false, timeouts: {implicit: 0, pageLoad: 300000, script: 30000}, unhandledPromptBehavior: dismiss and notify}
Session ID: f7def0839b934f67fd2f21e7db8ca499
*** Element info: {Using=link text, value=Mail}]]>
            </message>
            <full-stacktrace>
              <![CDATA[org.openqa.selenium.NoSuchElementException: no such element: Unable to locate element: {"method":"link text","selector":"Mail"}
  (Session info: chrome=75.0.3770.100)
For documentation on this error, please visit: https://www.seleniumhq.org/exceptions/no_such_element.html
Build info: version: '3.141.59', revision: 'e82be7d358', time: '2018-11-14T08:25:48'
System info: host: 'DESKTOP-1UNN7PP', ip: '192.168.86.3', os.name: 'Windows 10', os.arch: 'amd64', os.version: '10.0', java.version: '1.8.0_192'
Driver info: org.openqa.selenium.chrome.ChromeDriver
Capabilities {acceptInsecureCerts: false, browserName: chrome, browserVersion: 75.0.3770.100, chrome: {chromedriverVersion: 75.0.3770.8 (681f24ea911fe7..., userDataDir: C:\Users\Kieran\AppData\Loc...}, goog:chromeOptions: {debuggerAddress: localhost:55162}, javascriptEnabled: true, networkConnectionEnabled: false, pageLoadStrategy: normal, platform: XP, platformName: XP, proxy: Proxy(), setWindowRect: true, strictFileInteractability: false, timeouts: {implicit: 0, pageLoad: 300000, script: 30000}, unhandledPromptBehavior: dismiss and notify}
Session ID: f7def0839b934f67fd2f21e7db8ca499
*** Element info: {Using=link text, value=Mail}
at sun.reflect.NativeConstructorAccessorImpl.newInstance0(Native Method)
at sun.reflect.NativeConstructorAccessorImpl.newInstance(Unknown Source)
at sun.reflect.DelegatingConstructorAccessorImpl.newInstance(Unknown Source)
at java.lang.reflect.Constructor.newInstance(Unknown Source)
at org.openqa.selenium.remote.http.W3CHttpResponseCodec.createException(W3CHttpResponseCodec.java:187)
at org.openqa.selenium.remote.http.W3CHttpResponseCodec.decode(W3CHttpResponseCodec.java:122)
at org.openqa.selenium.remote.http.W3CHttpResponseCodec.decode(W3CHttpResponseCodec.java:49)
at org.openqa.selenium.remote.HttpCommandExecutor.execute(HttpCommandExecutor.java:158)
at org.openqa.selenium.remote.service.DriverCommandExecutor.execute(DriverCommandExecutor.java:83)
at org.openqa.selenium.remote.RemoteWebDriver.execute(RemoteWebDriver.java:552)
at org.openqa.selenium.remote.RemoteWebDriver.findElement(RemoteWebDriver.java:323)
at org.openqa.selenium.remote.RemoteWebDriver.findElementByLinkText(RemoteWebDriver.java:380)
at org.openqa.selenium.By$ByLinkText.findElement(By.java:220)
at org.openqa.selenium.remote.RemoteWebDriver.findElement(RemoteWebDriver.java:315)
at testng.GoogleTest.mailLinkTest(GoogleTest.java:48)
at sun.reflect.NativeMethodAccessorImpl.invoke0(Native Method)
at sun.reflect.NativeMethodAccessorImpl.invoke(Unknown Source)
at sun.reflect.DelegatingMethodAccessorImpl.invoke(Unknown Source)
at java.lang.reflect.Method.invoke(Unknown Source)
at org.testng.internal.MethodInvocationHelper.invokeMethod(MethodInvocationHelper.java:131)
at org.testng.internal.TestInvoker.invokeMethod(TestInvoker.java:570)
at org.testng.internal.TestInvoker.invokeTestMethod(TestInvoker.java:170)
at org.testng.internal.MethodRunner.runInSequence(MethodRunner.java:46)
at org.testng.internal.TestInvoker$MethodInvocationAgent.invoke(TestInvoker.java:790)
at org.testng.internal.TestInvoker.invokeTestMethods(TestInvoker.java:143)
at org.testng.internal.TestMethodWorker.invokeTestMethods(TestMethodWorker.java:146)
at org.testng.internal.TestMethodWorker.run(TestMethodWorker.java:128)
at org.testng.TestRunner.privateRun(TestRunner.java:763)
at org.testng.TestRunner.run(TestRunner.java:594)
at org.testng.SuiteRunner.runTest(SuiteRunner.java:398)
at org.testng.SuiteRunner.runSequentially(SuiteRunner.java:392)
at org.testng.SuiteRunner.privateRun(SuiteRunner.java:355)
at org.testng.SuiteRunner.run(SuiteRunner.java:304)
at org.testng.SuiteRunnerWorker.runSuite(SuiteRunnerWorker.java:53)
at org.testng.SuiteRunnerWorker.run(SuiteRunnerWorker.java:96)
at org.testng.TestNG.runSuitesSequentially(TestNG.java:1146)
at org.testng.TestNG.runSuitesLocally(TestNG.java:1067)
at org.testng.TestNG.runSuites(TestNG.java:997)
at org.testng.TestNG.run(TestNG.java:965)
at org.testng.remote.AbstractRemoteTestNG.run(AbstractRemoteTestNG.java:115)
at org.testng.remote.RemoteTestNG.initAndRun(RemoteTestNG.java:251)
at org.testng.remote.RemoteTestNG.main(RemoteTestNG.java:77)
]]>
            </full-stacktrace>
          </exception> <!-- org.openqa.selenium.NoSuchElementException -->
          <reporter-output>
          </reporter-output>
        </test-method> <!-- mailLinkTest -->
        <test-method status="PASS" signature="tearDown()[pri:0, instance:testng.GoogleTest@3a079870]" name="tearDown" is-config="true" duration-ms="692" started-at="2019-06-25T17:57:11 BST" finished-at="2019-06-25T17:57:12 BST">
          <reporter-output>
          </reporter-output>
        </test-method> <!-- tearDown -->
        <test-method status="PASS" signature="setUp()[pri:0, instance:testng.GoogleTest@3a079870]" name="setUp" is-config="true" duration-ms="4948" started-at="2019-06-25T17:57:12 BST" finished-at="2019-06-25T17:57:17 BST">
          <reporter-output>
          </reporter-output>
        </test-method> <!-- setUp -->
        <test-method status="PASS" signature="googleLogoTest()[pri:3, instance:testng.GoogleTest@3a079870]" name="googleLogoTest" duration-ms="131" started-at="2019-06-25T17:57:17 BST" finished-at="2019-06-25T17:57:17 BST">
          <reporter-output>
          </reporter-output>
        </test-method> <!-- googleLogoTest -->
        <test-method status="PASS" signature="tearDown()[pri:0, instance:testng.GoogleTest@3a079870]" name="tearDown" is-config="true" duration-ms="718" started-at="2019-06-25T17:57:17 BST" finished-at="2019-06-25T17:57:17 BST">
          <reporter-output>
          </reporter-output>
        </test-method> <!-- tearDown -->
        <test-method status="PASS" signature="setUp()[pri:0, instance:testng.GoogleTest@3a079870]" name="setUp" is-config="true" duration-ms="5774" started-at="2019-06-25T17:57:17 BST" finished-at="2019-06-25T17:57:23 BST">
          <reporter-output>
          </reporter-output>
        </test-method> <!-- setUp -->
        <test-method status="PASS" signature="test1()[pri:4, instance:testng.GoogleTest@3a079870]" name="test1" duration-ms="3" started-at="2019-06-25T17:57:23 BST" finished-at="2019-06-25T17:57:23 BST">
          <reporter-output>
          </reporter-output>
        </test-method> <!-- test1 -->
        <test-method status="PASS" signature="tearDown()[pri:0, instance:testng.GoogleTest@3a079870]" name="tearDown" is-config="true" duration-ms="702" started-at="2019-06-25T17:57:23 BST" finished-at="2019-06-25T17:57:24 BST">
          <reporter-output>
          </reporter-output>
        </test-method> <!-- tearDown -->
        <test-method status="PASS" signature="setUp()[pri:0, instance:testng.GoogleTest@3a079870]" name="setUp" is-config="true" duration-ms="4878" started-at="2019-06-25T17:57:24 BST" finished-at="2019-06-25T17:57:29 BST">
          <reporter-output>
          </reporter-output>
        </test-method> <!-- setUp -->
        <test-method status="PASS" signature="test2()[pri:5, instance:testng.GoogleTest@3a079870]" name="test2" duration-ms="1" started-at="2019-06-25T17:57:29 BST" finished-at="2019-06-25T17:57:29 BST">
          <reporter-output>
          </reporter-output>
        </test-method> <!-- test2 -->
        <test-method status="PASS" signature="tearDown()[pri:0, instance:testng.GoogleTest@3a079870]" name="tearDown" is-config="true" duration-ms="719" started-at="2019-06-25T17:57:29 BST" finished-at="2019-06-25T17:57:29 BST">
          <reporter-output>
          </reporter-output>
        </test-method> <!-- tearDown -->
        <test-method status="PASS" signature="setUp()[pri:0, instance:testng.GoogleTest@3a079870]" name="setUp" is-config="true" duration-ms="4501" started-at="2019-06-25T17:57:29 BST" finished-at="2019-06-25T17:57:34 BST">
          <reporter-output>
          </reporter-output>
        </test-method> <!-- setUp -->
        <test-method status="PASS" signature="test3()[pri:6, instance:testng.GoogleTest@3a079870]" name="test3" duration-ms="2" started-at="2019-06-25T17:57:34 BST" finished-at="2019-06-25T17:57:34 BST">
          <reporter-output>
          </reporter-output>
        </test-method> <!-- test3 -->
        <test-method status="PASS" signature="tearDown()[pri:0, instance:testng.GoogleTest@3a079870]" name="tearDown" is-config="true" duration-ms="726" started-at="2019-06-25T17:57:34 BST" finished-at="2019-06-25T17:57:35 BST">
          <reporter-output>
          </reporter-output>
        </test-method> <!-- tearDown -->
      </class> <!-- testng.GoogleTest -->
    </test> <!-- TestingGoogle2 -->
    <test name="TestingGoogle3" duration-ms="10981" started-at="2019-06-25T17:57:35 BST" finished-at="2019-06-25T17:57:46 BST">
      <class name="testng.GoogleTitleTest">
        <test-method status="PASS" signature="setUp()[pri:0, instance:testng.GoogleTitleTest@5db45159]" name="setUp" is-config="true" duration-ms="4647" started-at="2019-06-25T17:57:35 BST" finished-at="2019-06-25T17:57:39 BST">
          <reporter-output>
          </reporter-output>
        </test-method> <!-- setUp -->
        <test-method status="PASS" signature="googleLogoTest()[pri:2, instance:testng.GoogleTitleTest@5db45159]" name="googleLogoTest" duration-ms="63" started-at="2019-06-25T17:57:39 BST" finished-at="2019-06-25T17:57:39 BST">
          <reporter-output>
          </reporter-output>
        </test-method> <!-- googleLogoTest -->
        <test-method status="PASS" signature="tearDown()[pri:0, instance:testng.GoogleTitleTest@5db45159]" name="tearDown" is-config="true" duration-ms="720" started-at="2019-06-25T17:57:39 BST" finished-at="2019-06-25T17:57:40 BST">
          <reporter-output>
          </reporter-output>
        </test-method> <!-- tearDown -->
        <test-method status="PASS" signature="setUp()[pri:0, instance:testng.GoogleTitleTest@5db45159]" name="setUp" is-config="true" duration-ms="4766" started-at="2019-06-25T17:57:40 BST" finished-at="2019-06-25T17:57:45 BST">
          <reporter-output>
          </reporter-output>
        </test-method> <!-- setUp -->
        <test-method status="PASS" signature="googleTitleTest()[pri:11, instance:testng.GoogleTitleTest@5db45159]" name="googleTitleTest" duration-ms="9" started-at="2019-06-25T17:57:45 BST" finished-at="2019-06-25T17:57:45 BST">
          <reporter-output>
          </reporter-output>
        </test-method> <!-- googleTitleTest -->
        <test-method status="PASS" signature="tearDown()[pri:0, instance:testng.GoogleTitleTest@5db45159]" name="tearDown" is-config="true" duration-ms="775" started-at="2019-06-25T17:57:45 BST" finished-at="2019-06-25T17:57:46 BST">
          <reporter-output>
          </reporter-output>
        </test-method> <!-- tearDown -->
      </class> <!-- testng.GoogleTitleTest -->
    </test> <!-- TestingGoogle3 -->
    <test name="TestingGoogle4" duration-ms="523" started-at="2019-06-25T17:57:46 BST" finished-at="2019-06-25T17:57:46 BST">
      <class name="testng.InvocationCountTest">
        <test-method status="PASS" signature="sum()[pri:0, instance:testng.InvocationCountTest@5e4c8041]" name="sum" duration-ms="2" started-at="2019-06-25T17:57:46 BST" finished-at="2019-06-25T17:57:46 BST">
          <reporter-output>
          </reporter-output>
        </test-method> <!-- sum -->
        <test-method status="PASS" signature="sum()[pri:0, instance:testng.InvocationCountTest@5e4c8041]" name="sum" duration-ms="1" started-at="2019-06-25T17:57:46 BST" finished-at="2019-06-25T17:57:46 BST">
          <reporter-output>
          </reporter-output>
        </test-method> <!-- sum -->
        <test-method status="PASS" signature="sum()[pri:0, instance:testng.InvocationCountTest@5e4c8041]" name="sum" duration-ms="0" started-at="2019-06-25T17:57:46 BST" finished-at="2019-06-25T17:57:46 BST">
          <reporter-output>
          </reporter-output>
        </test-method> <!-- sum -->
        <test-method status="PASS" signature="sum()[pri:0, instance:testng.InvocationCountTest@5e4c8041]" name="sum" duration-ms="3" started-at="2019-06-25T17:57:46 BST" finished-at="2019-06-25T17:57:46 BST">
          <reporter-output>
          </reporter-output>
        </test-method> <!-- sum -->
        <test-method status="PASS" signature="sum()[pri:0, instance:testng.InvocationCountTest@5e4c8041]" name="sum" duration-ms="3" started-at="2019-06-25T17:57:46 BST" finished-at="2019-06-25T17:57:46 BST">
          <reporter-output>
          </reporter-output>
        </test-method> <!-- sum -->
        <test-method status="PASS" signature="sum()[pri:0, instance:testng.InvocationCountTest@5e4c8041]" name="sum" duration-ms="3" started-at="2019-06-25T17:57:46 BST" finished-at="2019-06-25T17:57:46 BST">
          <reporter-output>
          </reporter-output>
        </test-method> <!-- sum -->
        <test-method status="PASS" signature="sum()[pri:0, instance:testng.InvocationCountTest@5e4c8041]" name="sum" duration-ms="1" started-at="2019-06-25T17:57:46 BST" finished-at="2019-06-25T17:57:46 BST">
          <reporter-output>
          </reporter-output>
        </test-method> <!-- sum -->
        <test-method status="PASS" signature="sum()[pri:0, instance:testng.InvocationCountTest@5e4c8041]" name="sum" duration-ms="1" started-at="2019-06-25T17:57:46 BST" finished-at="2019-06-25T17:57:46 BST">
          <reporter-output>
          </reporter-output>
        </test-method> <!-- sum -->
        <test-method status="PASS" signature="sum()[pri:0, instance:testng.InvocationCountTest@5e4c8041]" name="sum" duration-ms="4" started-at="2019-06-25T17:57:46 BST" finished-at="2019-06-25T17:57:46 BST">
          <reporter-output>
          </reporter-output>
        </test-method> <!-- sum -->
        <test-method status="PASS" signature="sum()[pri:0, instance:testng.InvocationCountTest@5e4c8041]" name="sum" duration-ms="4" started-at="2019-06-25T17:57:46 BST" finished-at="2019-06-25T17:57:46 BST">
          <reporter-output>
          </reporter-output>
        </test-method> <!-- sum -->
        <test-method status="PASS" signature="sum()[pri:0, instance:testng.InvocationCountTest@5e4c8041]" name="sum" duration-ms="2" started-at="2019-06-25T17:57:46 BST" finished-at="2019-06-25T17:57:46 BST">
          <reporter-output>
          </reporter-output>
        </test-method> <!-- sum -->
        <test-method status="PASS" signature="sum()[pri:0, instance:testng.InvocationCountTest@5e4c8041]" name="sum" duration-ms="2" started-at="2019-06-25T17:57:46 BST" finished-at="2019-06-25T17:57:46 BST">
          <reporter-output>
          </reporter-output>
        </test-method> <!-- sum -->
        <test-method status="PASS" signature="sum()[pri:0, instance:testng.InvocationCountTest@5e4c8041]" name="sum" duration-ms="3" started-at="2019-06-25T17:57:46 BST" finished-at="2019-06-25T17:57:46 BST">
          <reporter-output>
          </reporter-output>
        </test-method> <!-- sum -->
        <test-method status="PASS" signature="sum()[pri:0, instance:testng.InvocationCountTest@5e4c8041]" name="sum" duration-ms="1" started-at="2019-06-25T17:57:46 BST" finished-at="2019-06-25T17:57:46 BST">
          <reporter-output>
          </reporter-output>
        </test-method> <!-- sum -->
        <test-method status="PASS" signature="sum()[pri:0, instance:testng.InvocationCountTest@5e4c8041]" name="sum" duration-ms="3" started-at="2019-06-25T17:57:46 BST" finished-at="2019-06-25T17:57:46 BST">
          <reporter-output>
          </reporter-output>
        </test-method> <!-- sum -->
        <test-method status="PASS" signature="sum()[pri:0, instance:testng.InvocationCountTest@5e4c8041]" name="sum" duration-ms="2" started-at="2019-06-25T17:57:46 BST" finished-at="2019-06-25T17:57:46 BST">
          <reporter-output>
          </reporter-output>
        </test-method> <!-- sum -->
        <test-method status="PASS" signature="sum()[pri:0, instance:testng.InvocationCountTest@5e4c8041]" name="sum" duration-ms="1" started-at="2019-06-25T17:57:46 BST" finished-at="2019-06-25T17:57:46 BST">
          <reporter-output>
          </reporter-output>
        </test-method> <!-- sum -->
        <test-method status="PASS" signature="sum()[pri:0, instance:testng.InvocationCountTest@5e4c8041]" name="sum" duration-ms="1" started-at="2019-06-25T17:57:46 BST" finished-at="2019-06-25T17:57:46 BST">
          <reporter-output>
          </reporter-output>
        </test-method> <!-- sum -->
        <test-method status="PASS" signature="sum()[pri:0, instance:testng.InvocationCountTest@5e4c8041]" name="sum" duration-ms="2" started-at="2019-06-25T17:57:46 BST" finished-at="2019-06-25T17:57:46 BST">
          <reporter-output>
          </reporter-output>
        </test-method> <!-- sum -->
        <test-method status="PASS" signature="sum()[pri:0, instance:testng.InvocationCountTest@5e4c8041]" name="sum" duration-ms="2" started-at="2019-06-25T17:57:46 BST" finished-at="2019-06-25T17:57:46 BST">
          <reporter-output>
          </reporter-output>
        </test-method> <!-- sum -->
        <test-method status="PASS" signature="sum()[pri:0, instance:testng.InvocationCountTest@5e4c8041]" name="sum" duration-ms="3" started-at="2019-06-25T17:57:46 BST" finished-at="2019-06-25T17:57:46 BST">
          <reporter-output>
          </reporter-output>
        </test-method> <!-- sum -->
        <test-method status="PASS" signature="sum()[pri:0, instance:testng.InvocationCountTest@5e4c8041]" name="sum" duration-ms="3" started-at="2019-06-25T17:57:46 BST" finished-at="2019-06-25T17:57:46 BST">
          <reporter-output>
          </reporter-output>
        </test-method> <!-- sum -->
        <test-method status="PASS" signature="sum()[pri:0, instance:testng.InvocationCountTest@5e4c8041]" name="sum" duration-ms="1" started-at="2019-06-25T17:57:46 BST" finished-at="2019-06-25T17:57:46 BST">
          <reporter-output>
          </reporter-output>
        </test-method> <!-- sum -->
        <test-method status="PASS" signature="sum()[pri:0, instance:testng.InvocationCountTest@5e4c8041]" name="sum" duration-ms="1" started-at="2019-06-25T17:57:46 BST" finished-at="2019-06-25T17:57:46 BST">
          <reporter-output>
          </reporter-output>
        </test-method> <!-- sum -->
        <test-method status="PASS" signature="sum()[pri:0, instance:testng.InvocationCountTest@5e4c8041]" name="sum" duration-ms="4" started-at="2019-06-25T17:57:46 BST" finished-at="2019-06-25T17:57:46 BST">
          <reporter-output>
          </reporter-output>
        </test-method> <!-- sum -->
        <test-method status="PASS" signature="sum()[pri:0, instance:testng.InvocationCountTest@5e4c8041]" name="sum" duration-ms="2" started-at="2019-06-25T17:57:46 BST" finished-at="2019-06-25T17:57:46 BST">
          <reporter-output>
          </reporter-output>
        </test-method> <!-- sum -->
        <test-method status="PASS" signature="sum()[pri:0, instance:testng.InvocationCountTest@5e4c8041]" name="sum" duration-ms="1" started-at="2019-06-25T17:57:46 BST" finished-at="2019-06-25T17:57:46 BST">
          <reporter-output>
          </reporter-output>
        </test-method> <!-- sum -->
        <test-method status="PASS" signature="sum()[pri:0, instance:testng.InvocationCountTest@5e4c8041]" name="sum" duration-ms="1" started-at="2019-06-25T17:57:46 BST" finished-at="2019-06-25T17:57:46 BST">
          <reporter-output>
          </reporter-output>
        </test-method> <!-- sum -->
        <test-method status="PASS" signature="sum()[pri:0, instance:testng.InvocationCountTest@5e4c8041]" name="sum" duration-ms="2" started-at="2019-06-25T17:57:46 BST" finished-at="2019-06-25T17:57:46 BST">
          <reporter-output>
          </reporter-output>
        </test-method> <!-- sum -->
        <test-method status="PASS" signature="sum()[pri:0, instance:testng.InvocationCountTest@5e4c8041]" name="sum" duration-ms="1" started-at="2019-06-25T17:57:46 BST" finished-at="2019-06-25T17:57:46 BST">
          <reporter-output>
          </reporter-output>
        </test-method> <!-- sum -->
        <test-method status="PASS" signature="sum()[pri:0, instance:testng.InvocationCountTest@5e4c8041]" name="sum" duration-ms="1" started-at="2019-06-25T17:57:46 BST" finished-at="2019-06-25T17:57:46 BST">
          <reporter-output>
          </reporter-output>
        </test-method> <!-- sum -->
        <test-method status="PASS" signature="sum()[pri:0, instance:testng.InvocationCountTest@5e4c8041]" name="sum" duration-ms="4" started-at="2019-06-25T17:57:46 BST" finished-at="2019-06-25T17:57:46 BST">
          <reporter-output>
          </reporter-output>
        </test-method> <!-- sum -->
        <test-method status="PASS" signature="sum()[pri:0, instance:testng.InvocationCountTest@5e4c8041]" name="sum" duration-ms="1" started-at="2019-06-25T17:57:46 BST" finished-at="2019-06-25T17:57:46 BST">
          <reporter-output>
          </reporter-output>
        </test-method> <!-- sum -->
        <test-method status="PASS" signature="sum()[pri:0, instance:testng.InvocationCountTest@5e4c8041]" name="sum" duration-ms="7" started-at="2019-06-25T17:57:46 BST" finished-at="2019-06-25T17:57:46 BST">
          <reporter-output>
          </reporter-output>
        </test-method> <!-- sum -->
        <test-method status="PASS" signature="sum()[pri:0, instance:testng.InvocationCountTest@5e4c8041]" name="sum" duration-ms="0" started-at="2019-06-25T17:57:46 BST" finished-at="2019-06-25T17:57:46 BST">
          <reporter-output>
          </reporter-output>
        </test-method> <!-- sum -->
        <test-method status="PASS" signature="sum()[pri:0, instance:testng.InvocationCountTest@5e4c8041]" name="sum" duration-ms="2" started-at="2019-06-25T17:57:46 BST" finished-at="2019-06-25T17:57:46 BST">
          <reporter-output>
          </reporter-output>
        </test-method> <!-- sum -->
        <test-method status="PASS" signature="sum()[pri:0, instance:testng.InvocationCountTest@5e4c8041]" name="sum" duration-ms="1" started-at="2019-06-25T17:57:46 BST" finished-at="2019-06-25T17:57:46 BST">
          <reporter-output>
          </reporter-output>
        </test-method> <!-- sum -->
        <test-method status="PASS" signature="sum()[pri:0, instance:testng.InvocationCountTest@5e4c8041]" name="sum" duration-ms="1" started-at="2019-06-25T17:57:46 BST" finished-at="2019-06-25T17:57:46 BST">
          <reporter-output>
          </reporter-output>
        </test-method> <!-- sum -->
        <test-method status="PASS" signature="sum()[pri:0, instance:testng.InvocationCountTest@5e4c8041]" name="sum" duration-ms="1" started-at="2019-06-25T17:57:46 BST" finished-at="2019-06-25T17:57:46 BST">
          <reporter-output>
          </reporter-output>
        </test-method> <!-- sum -->
        <test-method status="PASS" signature="sum()[pri:0, instance:testng.InvocationCountTest@5e4c8041]" name="sum" duration-ms="0" started-at="2019-06-25T17:57:46 BST" finished-at="2019-06-25T17:57:46 BST">
          <reporter-output>
          </reporter-output>
        </test-method> <!-- sum -->
        <test-method status="PASS" signature="sum()[pri:0, instance:testng.InvocationCountTest@5e4c8041]" name="sum" duration-ms="1" started-at="2019-06-25T17:57:46 BST" finished-at="2019-06-25T17:57:46 BST">
          <reporter-output>
          </reporter-output>
        </test-method> <!-- sum -->
        <test-method status="PASS" signature="sum()[pri:0, instance:testng.InvocationCountTest@5e4c8041]" name="sum" duration-ms="1" started-at="2019-06-25T17:57:46 BST" finished-at="2019-06-25T17:57:46 BST">
          <reporter-output>
          </reporter-output>
        </test-method> <!-- sum -->
        <test-method status="PASS" signature="sum()[pri:0, instance:testng.InvocationCountTest@5e4c8041]" name="sum" duration-ms="2" started-at="2019-06-25T17:57:46 BST" finished-at="2019-06-25T17:57:46 BST">
          <reporter-output>
          </reporter-output>
        </test-method> <!-- sum -->
        <test-method status="PASS" signature="sum()[pri:0, instance:testng.InvocationCountTest@5e4c8041]" name="sum" duration-ms="1" started-at="2019-06-25T17:57:46 BST" finished-at="2019-06-25T17:57:46 BST">
          <reporter-output>
          </reporter-output>
        </test-method> <!-- sum -->
        <test-method status="PASS" signature="sum()[pri:0, instance:testng.InvocationCountTest@5e4c8041]" name="sum" duration-ms="1" started-at="2019-06-25T17:57:46 BST" finished-at="2019-06-25T17:57:46 BST">
          <reporter-output>
          </reporter-output>
        </test-method> <!-- sum -->
        <test-method status="PASS" signature="sum()[pri:0, instance:testng.InvocationCountTest@5e4c8041]" name="sum" duration-ms="0" started-at="2019-06-25T17:57:46 BST" finished-at="2019-06-25T17:57:46 BST">
          <reporter-output>
          </reporter-output>
        </test-method> <!-- sum -->
        <test-method status="PASS" signature="sum()[pri:0, instance:testng.InvocationCountTest@5e4c8041]" name="sum" duration-ms="1" started-at="2019-06-25T17:57:46 BST" finished-at="2019-06-25T17:57:46 BST">
          <reporter-output>
          </reporter-output>
        </test-method> <!-- sum -->
        <test-method status="PASS" signature="sum()[pri:0, instance:testng.InvocationCountTest@5e4c8041]" name="sum" duration-ms="1" started-at="2019-06-25T17:57:46 BST" finished-at="2019-06-25T17:57:46 BST">
          <reporter-output>
          </reporter-output>
        </test-method> <!-- sum -->
        <test-method status="PASS" signature="sum()[pri:0, instance:testng.InvocationCountTest@5e4c8041]" name="sum" duration-ms="0" started-at="2019-06-25T17:57:46 BST" finished-at="2019-06-25T17:57:46 BST">
          <reporter-output>
          </reporter-output>
        </test-method> <!-- sum -->
        <test-method status="PASS" signature="sum()[pri:0, instance:testng.InvocationCountTest@5e4c8041]" name="sum" duration-ms="1" started-at="2019-06-25T17:57:46 BST" finished-at="2019-06-25T17:57:46 BST">
          <reporter-output>
          </reporter-output>
        </test-method> <!-- sum -->
        <test-method status="PASS" signature="sum()[pri:0, instance:testng.InvocationCountTest@5e4c8041]" name="sum" duration-ms="1" started-at="2019-06-25T17:57:46 BST" finished-at="2019-06-25T17:57:46 BST">
          <reporter-output>
          </reporter-output>
        </test-method> <!-- sum -->
        <test-method status="PASS" signature="sum()[pri:0, instance:testng.InvocationCountTest@5e4c8041]" name="sum" duration-ms="1" started-at="2019-06-25T17:57:46 BST" finished-at="2019-06-25T17:57:46 BST">
          <reporter-output>
          </reporter-output>
        </test-method> <!-- sum -->
        <test-method status="PASS" signature="sum()[pri:0, instance:testng.InvocationCountTest@5e4c8041]" name="sum" duration-ms="1" started-at="2019-06-25T17:57:46 BST" finished-at="2019-06-25T17:57:46 BST">
          <reporter-output>
          </reporter-output>
        </test-method> <!-- sum -->
        <test-method status="PASS" signature="sum()[pri:0, instance:testng.InvocationCountTest@5e4c8041]" name="sum" duration-ms="2" started-at="2019-06-25T17:57:46 BST" finished-at="2019-06-25T17:57:46 BST">
          <reporter-output>
          </reporter-output>
        </test-method> <!-- sum -->
        <test-method status="PASS" signature="sum()[pri:0, instance:testng.InvocationCountTest@5e4c8041]" name="sum" duration-ms="1" started-at="2019-06-25T17:57:46 BST" finished-at="2019-06-25T17:57:46 BST">
          <reporter-output>
          </reporter-output>
        </test-method> <!-- sum -->
        <test-method status="PASS" signature="sum()[pri:0, instance:testng.InvocationCountTest@5e4c8041]" name="sum" duration-ms="4" started-at="2019-06-25T17:57:46 BST" finished-at="2019-06-25T17:57:46 BST">
          <reporter-output>
          </reporter-output>
        </test-method> <!-- sum -->
        <test-method status="PASS" signature="sum()[pri:0, instance:testng.InvocationCountTest@5e4c8041]" name="sum" duration-ms="2" started-at="2019-06-25T17:57:46 BST" finished-at="2019-06-25T17:57:46 BST">
          <reporter-output>
          </reporter-output>
        </test-method> <!-- sum -->
        <test-method status="PASS" signature="sum()[pri:0, instance:testng.InvocationCountTest@5e4c8041]" name="sum" duration-ms="1" started-at="2019-06-25T17:57:46 BST" finished-at="2019-06-25T17:57:46 BST">
          <reporter-output>
          </reporter-output>
        </test-method> <!-- sum -->
        <test-method status="PASS" signature="sum()[pri:0, instance:testng.InvocationCountTest@5e4c8041]" name="sum" duration-ms="0" started-at="2019-06-25T17:57:46 BST" finished-at="2019-06-25T17:57:46 BST">
          <reporter-output>
          </reporter-output>
        </test-method> <!-- sum -->
        <test-method status="PASS" signature="sum()[pri:0, instance:testng.InvocationCountTest@5e4c8041]" name="sum" duration-ms="1" started-at="2019-06-25T17:57:46 BST" finished-at="2019-06-25T17:57:46 BST">
          <reporter-output>
          </reporter-output>
        </test-method> <!-- sum -->
        <test-method status="PASS" signature="sum()[pri:0, instance:testng.InvocationCountTest@5e4c8041]" name="sum" duration-ms="1" started-at="2019-06-25T17:57:46 BST" finished-at="2019-06-25T17:57:46 BST">
          <reporter-output>
          </reporter-output>
        </test-method> <!-- sum -->
        <test-method status="PASS" signature="sum()[pri:0, instance:testng.InvocationCountTest@5e4c8041]" name="sum" duration-ms="0" started-at="2019-06-25T17:57:46 BST" finished-at="2019-06-25T17:57:46 BST">
          <reporter-output>
          </reporter-output>
        </test-method> <!-- sum -->
        <test-method status="PASS" signature="sum()[pri:0, instance:testng.InvocationCountTest@5e4c8041]" name="sum" duration-ms="1" started-at="2019-06-25T17:57:46 BST" finished-at="2019-06-25T17:57:46 BST">
          <reporter-output>
          </reporter-output>
        </test-method> <!-- sum -->
        <test-method status="PASS" signature="sum()[pri:0, instance:testng.InvocationCountTest@5e4c8041]" name="sum" duration-ms="1" started-at="2019-06-25T17:57:46 BST" finished-at="2019-06-25T17:57:46 BST">
          <reporter-output>
          </reporter-output>
        </test-method> <!-- sum -->
        <test-method status="PASS" signature="sum()[pri:0, instance:testng.InvocationCountTest@5e4c8041]" name="sum" duration-ms="1" started-at="2019-06-25T17:57:46 BST" finished-at="2019-06-25T17:57:46 BST">
          <reporter-output>
          </reporter-output>
        </test-method> <!-- sum -->
        <test-method status="PASS" signature="sum()[pri:0, instance:testng.InvocationCountTest@5e4c8041]" name="sum" duration-ms="1" started-at="2019-06-25T17:57:46 BST" finished-at="2019-06-25T17:57:46 BST">
          <reporter-output>
          </reporter-output>
        </test-method> <!-- sum -->
        <test-method status="PASS" signature="sum()[pri:0, instance:testng.InvocationCountTest@5e4c8041]" name="sum" duration-ms="0" started-at="2019-06-25T17:57:46 BST" finished-at="2019-06-25T17:57:46 BST">
          <reporter-output>
          </reporter-output>
        </test-method> <!-- sum -->
        <test-method status="PASS" signature="sum()[pri:0, instance:testng.InvocationCountTest@5e4c8041]" name="sum" duration-ms="1" started-at="2019-06-25T17:57:46 BST" finished-at="2019-06-25T17:57:46 BST">
          <reporter-output>
          </reporter-output>
        </test-method> <!-- sum -->
        <test-method status="PASS" signature="sum()[pri:0, instance:testng.InvocationCountTest@5e4c8041]" name="sum" duration-ms="117" started-at="2019-06-25T17:57:46 BST" finished-at="2019-06-25T17:57:46 BST">
          <reporter-output>
          </reporter-output>
        </test-method> <!-- sum -->
        <test-method status="PASS" signature="sum()[pri:0, instance:testng.InvocationCountTest@5e4c8041]" name="sum" duration-ms="0" started-at="2019-06-25T17:57:46 BST" finished-at="2019-06-25T17:57:46 BST">
          <reporter-output>
          </reporter-output>
        </test-method> <!-- sum -->
        <test-method status="PASS" signature="sum()[pri:0, instance:testng.InvocationCountTest@5e4c8041]" name="sum" duration-ms="2" started-at="2019-06-25T17:57:46 BST" finished-at="2019-06-25T17:57:46 BST">
          <reporter-output>
          </reporter-output>
        </test-method> <!-- sum -->
        <test-method status="PASS" signature="sum()[pri:0, instance:testng.InvocationCountTest@5e4c8041]" name="sum" duration-ms="1" started-at="2019-06-25T17:57:46 BST" finished-at="2019-06-25T17:57:46 BST">
          <reporter-output>
          </reporter-output>
        </test-method> <!-- sum -->
        <test-method status="PASS" signature="sum()[pri:0, instance:testng.InvocationCountTest@5e4c8041]" name="sum" duration-ms="2" started-at="2019-06-25T17:57:46 BST" finished-at="2019-06-25T17:57:46 BST">
          <reporter-output>
          </reporter-output>
        </test-method> <!-- sum -->
        <test-method status="PASS" signature="sum()[pri:0, instance:testng.InvocationCountTest@5e4c8041]" name="sum" duration-ms="0" started-at="2019-06-25T17:57:46 BST" finished-at="2019-06-25T17:57:46 BST">
          <reporter-output>
          </reporter-output>
        </test-method> <!-- sum -->
        <test-method status="PASS" signature="sum()[pri:0, instance:testng.InvocationCountTest@5e4c8041]" name="sum" duration-ms="6" started-at="2019-06-25T17:57:46 BST" finished-at="2019-06-25T17:57:46 BST">
          <reporter-output>
          </reporter-output>
        </test-method> <!-- sum -->
        <test-method status="PASS" signature="sum()[pri:0, instance:testng.InvocationCountTest@5e4c8041]" name="sum" duration-ms="0" started-at="2019-06-25T17:57:46 BST" finished-at="2019-06-25T17:57:46 BST">
          <reporter-output>
          </reporter-output>
        </test-method> <!-- sum -->
        <test-method status="PASS" signature="sum()[pri:0, instance:testng.InvocationCountTest@5e4c8041]" name="sum" duration-ms="1" started-at="2019-06-25T17:57:46 BST" finished-at="2019-06-25T17:57:46 BST">
          <reporter-output>
          </reporter-output>
        </test-method> <!-- sum -->
        <test-method status="PASS" signature="sum()[pri:0, instance:testng.InvocationCountTest@5e4c8041]" name="sum" duration-ms="1" started-at="2019-06-25T17:57:46 BST" finished-at="2019-06-25T17:57:46 BST">
          <reporter-output>
          </reporter-output>
        </test-method> <!-- sum -->
        <test-method status="PASS" signature="sum()[pri:0, instance:testng.InvocationCountTest@5e4c8041]" name="sum" duration-ms="1" started-at="2019-06-25T17:57:46 BST" finished-at="2019-06-25T17:57:46 BST">
          <reporter-output>
          </reporter-output>
        </test-method> <!-- sum -->
        <test-method status="PASS" signature="sum()[pri:0, instance:testng.InvocationCountTest@5e4c8041]" name="sum" duration-ms="2" started-at="2019-06-25T17:57:46 BST" finished-at="2019-06-25T17:57:46 BST">
          <reporter-output>
          </reporter-output>
        </test-method> <!-- sum -->
        <test-method status="PASS" signature="sum()[pri:0, instance:testng.InvocationCountTest@5e4c8041]" name="sum" duration-ms="0" started-at="2019-06-25T17:57:46 BST" finished-at="2019-06-25T17:57:46 BST">
          <reporter-output>
          </reporter-output>
        </test-method> <!-- sum -->
        <test-method status="PASS" signature="sum()[pri:0, instance:testng.InvocationCountTest@5e4c8041]" name="sum" duration-ms="1" started-at="2019-06-25T17:57:46 BST" finished-at="2019-06-25T17:57:46 BST">
          <reporter-output>
          </reporter-output>
        </test-method> <!-- sum -->
        <test-method status="PASS" signature="sum()[pri:0, instance:testng.InvocationCountTest@5e4c8041]" name="sum" duration-ms="1" started-at="2019-06-25T17:57:46 BST" finished-at="2019-06-25T17:57:46 BST">
          <reporter-output>
          </reporter-output>
        </test-method> <!-- sum -->
        <test-method status="PASS" signature="sum()[pri:0, instance:testng.InvocationCountTest@5e4c8041]" name="sum" duration-ms="0" started-at="2019-06-25T17:57:46 BST" finished-at="2019-06-25T17:57:46 BST">
          <reporter-output>
          </reporter-output>
        </test-method> <!-- sum -->
        <test-method status="PASS" signature="sum()[pri:0, instance:testng.InvocationCountTest@5e4c8041]" name="sum" duration-ms="1" started-at="2019-06-25T17:57:46 BST" finished-at="2019-06-25T17:57:46 BST">
          <reporter-output>
          </reporter-output>
        </test-method> <!-- sum -->
        <test-method status="PASS" signature="sum()[pri:0, instance:testng.InvocationCountTest@5e4c8041]" name="sum" duration-ms="1" started-at="2019-06-25T17:57:46 BST" finished-at="2019-06-25T17:57:46 BST">
          <reporter-output>
          </reporter-output>
        </test-method> <!-- sum -->
        <test-method status="PASS" signature="sum()[pri:0, instance:testng.InvocationCountTest@5e4c8041]" name="sum" duration-ms="1" started-at="2019-06-25T17:57:46 BST" finished-at="2019-06-25T17:57:46 BST">
          <reporter-output>
          </reporter-output>
        </test-method> <!-- sum -->
        <test-method status="PASS" signature="sum()[pri:0, instance:testng.InvocationCountTest@5e4c8041]" name="sum" duration-ms="1" started-at="2019-06-25T17:57:46 BST" finished-at="2019-06-25T17:57:46 BST">
          <reporter-output>
          </reporter-output>
        </test-method> <!-- sum -->
        <test-method status="PASS" signature="sum()[pri:0, instance:testng.InvocationCountTest@5e4c8041]" name="sum" duration-ms="1" started-at="2019-06-25T17:57:46 BST" finished-at="2019-06-25T17:57:46 BST">
          <reporter-output>
          </reporter-output>
        </test-method> <!-- sum -->
        <test-method status="PASS" signature="sum()[pri:0, instance:testng.InvocationCountTest@5e4c8041]" name="sum" duration-ms="0" started-at="2019-06-25T17:57:46 BST" finished-at="2019-06-25T17:57:46 BST">
          <reporter-output>
          </reporter-output>
        </test-method> <!-- sum -->
        <test-method status="PASS" signature="sum()[pri:0, instance:testng.InvocationCountTest@5e4c8041]" name="sum" duration-ms="1" started-at="2019-06-25T17:57:46 BST" finished-at="2019-06-25T17:57:46 BST">
          <reporter-output>
          </reporter-output>
        </test-method> <!-- sum -->
        <test-method status="PASS" signature="sum()[pri:0, instance:testng.InvocationCountTest@5e4c8041]" name="sum" duration-ms="1" started-at="2019-06-25T17:57:46 BST" finished-at="2019-06-25T17:57:46 BST">
          <reporter-output>
          </reporter-output>
        </test-method> <!-- sum -->
        <test-method status="PASS" signature="sum()[pri:0, instance:testng.InvocationCountTest@5e4c8041]" name="sum" duration-ms="0" started-at="2019-06-25T17:57:46 BST" finished-at="2019-06-25T17:57:46 BST">
          <reporter-output>
          </reporter-output>
        </test-method> <!-- sum -->
        <test-method status="PASS" signature="sum()[pri:0, instance:testng.InvocationCountTest@5e4c8041]" name="sum" duration-ms="0" started-at="2019-06-25T17:57:46 BST" finished-at="2019-06-25T17:57:46 BST">
          <reporter-output>
          </reporter-output>
        </test-method> <!-- sum -->
        <test-method status="PASS" signature="sum()[pri:0, instance:testng.InvocationCountTest@5e4c8041]" name="sum" duration-ms="0" started-at="2019-06-25T17:57:46 BST" finished-at="2019-06-25T17:57:46 BST">
          <reporter-output>
          </reporter-output>
        </test-method> <!-- sum -->
        <test-method status="PASS" signature="sum()[pri:0, instance:testng.InvocationCountTest@5e4c8041]" name="sum" duration-ms="1" started-at="2019-06-25T17:57:46 BST" finished-at="2019-06-25T17:57:46 BST">
          <reporter-output>
          </reporter-output>
        </test-method> <!-- sum -->
        <test-method status="PASS" signature="sum()[pri:0, instance:testng.InvocationCountTest@5e4c8041]" name="sum" duration-ms="1" started-at="2019-06-25T17:57:46 BST" finished-at="2019-06-25T17:57:46 BST">
          <reporter-output>
          </reporter-output>
        </test-method> <!-- sum -->
        <test-method status="PASS" signature="sum()[pri:0, instance:testng.InvocationCountTest@5e4c8041]" name="sum" duration-ms="1" started-at="2019-06-25T17:57:46 BST" finished-at="2019-06-25T17:57:46 BST">
          <reporter-output>
          </reporter-output>
        </test-method> <!-- sum -->
        <test-method status="PASS" signature="sum()[pri:0, instance:testng.InvocationCountTest@5e4c8041]" name="sum" duration-ms="0" started-at="2019-06-25T17:57:46 BST" finished-at="2019-06-25T17:57:46 BST">
          <reporter-output>
          </reporter-output>
        </test-method> <!-- sum -->
        <test-method status="PASS" signature="sum()[pri:0, instance:testng.InvocationCountTest@5e4c8041]" name="sum" duration-ms="1" started-at="2019-06-25T17:57:46 BST" finished-at="2019-06-25T17:57:46 BST">
          <reporter-output>
          </reporter-output>
        </test-method> <!-- sum -->
        <test-method status="PASS" signature="test1()[pri:0, instance:testng.InvocationCountTest@5e4c8041]" name="test1" duration-ms="1" started-at="2019-06-25T17:57:46 BST" finished-at="2019-06-25T17:57:46 BST">
          <exception class="java.lang.NumberFormatException">
            <message>
              <![CDATA[For input string: "100x"]]>
            </message>
            <full-stacktrace>
              <![CDATA[java.lang.NumberFormatException: For input string: "100x"
at java.lang.NumberFormatException.forInputString(Unknown Source)
at java.lang.Integer.parseInt(Unknown Source)
at java.lang.Integer.parseInt(Unknown Source)
at testng.InvocationCountTest.test1(InvocationCountTest.java:26)
at sun.reflect.NativeMethodAccessorImpl.invoke0(Native Method)
at sun.reflect.NativeMethodAccessorImpl.invoke(Unknown Source)
at sun.reflect.DelegatingMethodAccessorImpl.invoke(Unknown Source)
at java.lang.reflect.Method.invoke(Unknown Source)
at org.testng.internal.MethodInvocationHelper.invokeMethod(MethodInvocationHelper.java:131)
at org.testng.internal.TestInvoker.invokeMethod(TestInvoker.java:570)
at org.testng.internal.TestInvoker.invokeTestMethod(TestInvoker.java:170)
at org.testng.internal.MethodRunner.runInSequence(MethodRunner.java:46)
at org.testng.internal.TestInvoker$MethodInvocationAgent.invoke(TestInvoker.java:790)
at org.testng.internal.TestInvoker.invokeTestMethods(TestInvoker.java:143)
at org.testng.internal.TestMethodWorker.invokeTestMethods(TestMethodWorker.java:146)
at org.testng.internal.TestMethodWorker.run(TestMethodWorker.java:128)
at org.testng.TestRunner.privateRun(TestRunner.java:763)
at org.testng.TestRunner.run(TestRunner.java:594)
at org.testng.SuiteRunner.runTest(SuiteRunner.java:398)
at org.testng.SuiteRunner.runSequentially(SuiteRunner.java:392)
at org.testng.SuiteRunner.privateRun(SuiteRunner.java:355)
at org.testng.SuiteRunner.run(SuiteRunner.java:304)
at org.testng.SuiteRunnerWorker.runSuite(SuiteRunnerWorker.java:53)
at org.testng.SuiteRunnerWorker.run(SuiteRunnerWorker.java:96)
at org.testng.TestNG.runSuitesSequentially(TestNG.java:1146)
at org.testng.TestNG.runSuitesLocally(TestNG.java:1067)
at org.testng.TestNG.runSuites(TestNG.java:997)
at org.testng.TestNG.run(TestNG.java:965)
at org.testng.remote.AbstractRemoteTestNG.run(AbstractRemoteTestNG.java:115)
at org.testng.remote.RemoteTestNG.initAndRun(RemoteTestNG.java:251)
at org.testng.remote.RemoteTestNG.main(RemoteTestNG.java:77)
]]>
            </full-stacktrace>
          </exception> <!-- java.lang.NumberFormatException -->
          <reporter-output>
          </reporter-output>
        </test-method> <!-- test1 -->
      </class> <!-- testng.InvocationCountTest -->
    </test> <!-- TestingGoogle4 -->
    <test name="TestingGoogle5" duration-ms="10" started-at="2019-06-25T17:57:46 BST" finished-at="2019-06-25T17:57:46 BST">
      <class name="testng.TestNgBasics">
        <test-method status="PASS" signature="launchBrowser()[pri:0, instance:testng.TestNgBasics@79ca92b9]" name="launchBrowser" is-config="true" duration-ms="1" started-at="2019-06-25T17:57:46 BST" finished-at="2019-06-25T17:57:46 BST">
          <reporter-output>
          </reporter-output>
        </test-method> <!-- launchBrowser -->
        <test-method status="PASS" signature="login()[pri:0, instance:testng.TestNgBasics@79ca92b9]" name="login" is-config="true" duration-ms="0" started-at="2019-06-25T17:57:46 BST" finished-at="2019-06-25T17:57:46 BST">
          <reporter-output>
          </reporter-output>
        </test-method> <!-- login -->
        <test-method status="PASS" signature="googleLogoTest()[pri:0, instance:testng.TestNgBasics@79ca92b9]" name="googleLogoTest" duration-ms="1" started-at="2019-06-25T17:57:46 BST" finished-at="2019-06-25T17:57:46 BST">
          <reporter-output>
          </reporter-output>
        </test-method> <!-- googleLogoTest -->
        <test-method status="PASS" signature="enterURL()[pri:0, instance:testng.TestNgBasics@79ca92b9]" name="enterURL" is-config="true" duration-ms="0" started-at="2019-06-25T17:57:46 BST" finished-at="2019-06-25T17:57:46 BST">
          <reporter-output>
          </reporter-output>
        </test-method> <!-- enterURL -->
        <test-method status="PASS" signature="logOut()[pri:0, instance:testng.TestNgBasics@79ca92b9]" name="logOut" is-config="true" duration-ms="0" started-at="2019-06-25T17:57:46 BST" finished-at="2019-06-25T17:57:46 BST">
          <reporter-output>
          </reporter-output>
        </test-method> <!-- logOut -->
        <test-method status="PASS" signature="enterURL()[pri:0, instance:testng.TestNgBasics@79ca92b9]" name="enterURL" is-config="true" duration-ms="1" started-at="2019-06-25T17:57:46 BST" finished-at="2019-06-25T17:57:46 BST">
          <reporter-output>
          </reporter-output>
        </test-method> <!-- enterURL -->
        <test-method status="PASS" signature="googleTitleTest()[pri:0, instance:testng.TestNgBasics@79ca92b9]" name="googleTitleTest" duration-ms="1" started-at="2019-06-25T17:57:46 BST" finished-at="2019-06-25T17:57:46 BST">
          <reporter-output>
          </reporter-output>
        </test-method> <!-- googleTitleTest -->
        <test-method status="PASS" signature="enterURL()[pri:0, instance:testng.TestNgBasics@79ca92b9]" name="enterURL" is-config="true" duration-ms="1" started-at="2019-06-25T17:57:46 BST" finished-at="2019-06-25T17:57:46 BST">
          <reporter-output>
          </reporter-output>
        </test-method> <!-- enterURL -->
        <test-method status="PASS" signature="logOut()[pri:0, instance:testng.TestNgBasics@79ca92b9]" name="logOut" is-config="true" duration-ms="0" started-at="2019-06-25T17:57:46 BST" finished-at="2019-06-25T17:57:46 BST">
          <reporter-output>
          </reporter-output>
        </test-method> <!-- logOut -->
        <test-method status="PASS" signature="searchTest()[pri:0, instance:testng.TestNgBasics@79ca92b9]" name="searchTest" duration-ms="2" started-at="2019-06-25T17:57:46 BST" finished-at="2019-06-25T17:57:46 BST">
          <reporter-output>
          </reporter-output>
        </test-method> <!-- searchTest -->
        <test-method status="PASS" signature="logOut()[pri:0, instance:testng.TestNgBasics@79ca92b9]" name="logOut" is-config="true" duration-ms="1" started-at="2019-06-25T17:57:46 BST" finished-at="2019-06-25T17:57:46 BST">
          <reporter-output>
          </reporter-output>
        </test-method> <!-- logOut -->
        <test-method status="PASS" signature="deleteAllCookies()[pri:0, instance:testng.TestNgBasics@79ca92b9]" name="deleteAllCookies" is-config="true" duration-ms="0" started-at="2019-06-25T17:57:46 BST" finished-at="2019-06-25T17:57:46 BST">
          <reporter-output>
          </reporter-output>
        </test-method> <!-- deleteAllCookies -->
        <test-method status="PASS" signature="closeBrowser()[pri:0, instance:testng.TestNgBasics@79ca92b9]" name="closeBrowser" is-config="true" duration-ms="0" started-at="2019-06-25T17:57:46 BST" finished-at="2019-06-25T17:57:46 BST">
          <reporter-output>
          </reporter-output>
        </test-method> <!-- closeBrowser -->
      </class> <!-- testng.TestNgBasics -->
    </test> <!-- TestingGoogle5 -->
    <test name="TestingGoogle6" duration-ms="27" started-at="2019-06-25T17:57:46 BST" finished-at="2019-06-25T17:57:46 BST">
      <class name="testng.TestNgBasics">
        <test-method status="PASS" signature="setUp()[pri:0, instance:testng.TestNgBasics@79ca92b9]" name="setUp" is-config="true" duration-ms="18" started-at="2019-06-25T17:56:30 BST" finished-at="2019-06-25T17:56:30 BST">
          <reporter-output>
          </reporter-output>
        </test-method> <!-- setUp -->
      </class> <!-- testng.TestNgBasics -->
      <class name="testng.TestNgFeatures">
        <test-method status="PASS" signature="loginTest()[pri:0, instance:testng.TestNgFeatures@1198b989]" name="loginTest" duration-ms="0" started-at="2019-06-25T17:57:46 BST" finished-at="2019-06-25T17:57:46 BST">
          <reporter-output>
          </reporter-output>
        </test-method> <!-- loginTest -->
        <test-method status="PASS" signature="SearchPageTest()[pri:1, instance:testng.TestNgFeatures@1198b989]" name="SearchPageTest" duration-ms="0" started-at="2019-06-25T17:57:46 BST" depends-on-methods="testng.TestNgFeatures.loginTest" finished-at="2019-06-25T17:57:46 BST">
          <reporter-output>
          </reporter-output>
        </test-method> <!-- SearchPageTest -->
        <test-method status="PASS" signature="HomePageTest()[pri:3, instance:testng.TestNgFeatures@1198b989]" name="HomePageTest" duration-ms="0" started-at="2019-06-25T17:57:46 BST" depends-on-methods="testng.TestNgFeatures.loginTest" finished-at="2019-06-25T17:57:46 BST">
          <reporter-output>
          </reporter-output>
        </test-method> <!-- HomePageTest -->
        <test-method status="PASS" signature="RegPageTest()[pri:3, instance:testng.TestNgFeatures@1198b989]" name="RegPageTest" duration-ms="4" started-at="2019-06-25T17:57:46 BST" depends-on-methods="testng.TestNgFeatures.loginTest" finished-at="2019-06-25T17:57:46 BST">
          <reporter-output>
          </reporter-output>
        </test-method> <!-- RegPageTest -->
      </class> <!-- testng.TestNgFeatures -->
    </test> <!-- TestingGoogle6 -->
  </suite> <!-- Proof of concept of TestNG -->
</testng-results>
